<?xml version="1.0" encoding="UTF-8"?>
<!-- Generated by org.testng.reporters.JUnitReportReporter -->
<testsuite hostname="Babus-iMac.local" failures="0" tests="1" name="testcases.TC002_EditLead" time="21.820" errors="0" timestamp="2024-12-08T16:52:31 IST" skipped="0">
  <testcase classname="testcases.TC002_EditLead" name="runEditLead" time="21.820"/>
  <system-out/>
</testsuite> <!-- testcases.TC002_EditLead -->
