<?xml version="1.0" encoding="UTF-8"?>
<!-- Generated by org.testng.reporters.JUnitReportReporter -->
<testsuite hostname="LAPTOP-BOJK8EC1" failures="0" tests="1" name="testcases.TC001_CreateLead" time="47.326" errors="0" timestamp="2024-12-08T19:21:05 IST" skipped="0">
  <testcase classname="testcases.TC001_CreateLead" name="runCreateLead" time="47.326"/>
</testsuite> <!-- testcases.TC001_CreateLead -->
