<?xml version="1.0" encoding="UTF-8"?>
<!-- Generated by org.testng.reporters.JUnitReportReporter -->
<testsuite hostname="LAPTOP-BOJK8EC1" failures="0" tests="2" name="testcases.TC001_CreateLead" time="95.527" errors="0" timestamp="2024-12-07T17:42:13 IST" skipped="0">
  <testcase classname="testcases.TC001_CreateLead" name="runCreateLead" time="72.852"/>
  <testcase classname="testcases.TC001_CreateLead" name="runCreateLead" time="22.675"/>
</testsuite> <!-- testcases.TC001_CreateLead -->
