<?xml version="1.0" encoding="UTF-8"?>
<!-- Generated by org.testng.reporters.JUnitReportReporter -->
<testsuite hostname="LAPTOP-BOJK8EC1" failures="0" tests="1" name="testcases.TC002_EditLead2_FromFactory" time="33.724" errors="0" timestamp="2024-12-07T18:25:59 IST" skipped="0">
  <testcase classname="testcases.TC002_EditLead2_FromFactory" name="runEditLead" time="33.724"/>
</testsuite> <!-- testcases.TC002_EditLead2_FromFactory -->
